<?xml version="1.0" encoding="UTF-8"?>
<!-- Generated by org.testng.reporters.JUnitReportReporter -->
<testsuite hostname="KrunalShigavan-1994" failures="0" tests="4" name="api.test.UserTests" time="7.431" errors="0" timestamp="2023-08-22T16:28:02 GMT-04:00" skipped="0">
  <testcase classname="api.test.UserTests" name="testPostUser" time="3.590"/>
  <testcase classname="api.test.UserTests" name="testGetUserByName" time="1.650"/>
  <testcase classname="api.test.UserTests" name="testUpdateUserByName" time="2.034"/>
  <testcase classname="api.test.UserTests" name="testDeleteUserByName" time="0.157"/>
</testsuite> <!-- api.test.UserTests -->
