<?xml version="1.0" encoding="UTF-8"?>
<!-- Generated by org.testng.reporters.JUnitReportReporter -->
<testsuite hostname="KrunalShigavan-1994" failures="0" tests="4" name="api.test.UserTests2" time="3.046" errors="0" timestamp="2023-08-22T18:53:02 GMT-04:00" skipped="0">
  <testcase classname="api.test.UserTests2" name="testPostUser" time="2.324"/>
  <testcase classname="api.test.UserTests2" name="testGetUserByName" time="0.139"/>
  <testcase classname="api.test.UserTests2" name="testUpdateUserByName" time="0.269"/>
  <testcase classname="api.test.UserTests2" name="testDeleteUserByName" time="0.314"/>
</testsuite> <!-- api.test.UserTests2 -->
